<?xml version="1.0" encoding="UTF-8"?>
<!-- Generated by org.testng.reporters.JUnitReportReporter -->
<testsuite hostname="DESKTOP-20PEDJV" name="first.testNG.example.TestNGMoreDemo" tests="1" failures="0" timestamp="22 Sep 2017 17:26:29 GMT" time="1.005" errors="0">
  <testcase name="secondTest" time="1.005" classname="first.testNG.example.TestNGMoreDemo"/>
</testsuite> <!-- first.testNG.example.TestNGMoreDemo -->
