<?xml version="1.0" encoding="UTF-8"?>
<!-- Generated by org.testng.reporters.JUnitReportReporter -->
<testsuite hostname="DESKTOP-20PEDJV" name="FirstLesson.AppTest" tests="1" failures="0" timestamp="22 Sep 2017 18:11:11 GMT" time="0.002" errors="0">
  <testcase name="testApp" time="0.002" classname="FirstLesson.AppTest"/>
</testsuite> <!-- FirstLesson.AppTest -->
